<?xml version="1.0" encoding="UTF-8"?>
<!-- Generated by org.testng.reporters.JUnitReportReporter -->
<testsuite hostname="DESKTOP-MQ16B3A" failures="0" tests="1" name="uk.com.automationtesting.OrderCompleteTest" time="23.940" errors="0" timestamp="2022-12-20T20:55:37 EET" skipped="0">
  <testcase classname="uk.com.automationtesting.OrderCompleteTest" name="endToEndTest" time="23.940"/>
  <system-out/>
</testsuite> <!-- uk.com.automationtesting.OrderCompleteTest -->
